$ next dev --turbopack
   ▲ Next.js 15.5.6 (Turbopack)
   - Local:        http://localhost:3000
   - Network:      http://169.254.0.21:3000

 ✓ Starting...
Attention: Next.js now collects completely anonymous telemetry regarding usage.
This information is used to shape Next.js' roadmap and prioritize features.
You can learn more, including how to opt-out if you'd not like to participate in this anonymous program, by visiting the following URL:
https://nextjs.org/telemetry

 ✓ Ready in 1893ms
 ○ Compiling / ...
 ✓ Compiled / in 5.5s
 GET / 200 in 6348ms
 ○ Compiling /favicon.ico ...
 ✓ Compiled /favicon.ico in 563ms
 GET /favicon.ico?favicon.bf3c9292.ico 200 in 907ms
Error: Cannot apply unknown utility class `border-border`. Are you using CSS modules or similar and missing `@reference`? https://tailwindcss.com/docs/functions-and-directives#reference-directive
    [2m[at onInvalidCandidate (/home/code/inbox-bully/node_modules/tailwindcss/dist/lib.js:21:1314)][0m
    [2m[at Te (/home/code/inbox-bully/node_modules/tailwindcss/dist/lib.js:16:36364)][0m
    [2m[at /home/code/inbox-bully/node_modules/tailwindcss/dist/lib.js:21:355][0m
    [2m[at Tr (/home/code/inbox-bully/node_modules/tailwindcss/dist/lib.js:3:1718)][0m
    [2m[at _ (/home/code/inbox-bully/node_modules/tailwindcss/dist/lib.js:3:1377)][0m
    [2m[at Se (/home/code/inbox-bully/node_modules/tailwindcss/dist/lib.js:21:172)][0m
    [2m[at ln (/home/code/inbox-bully/node_modules/tailwindcss/dist/lib.js:38:294)][0m
    [2m[at process.processTicksAndRejections (node:internal/process/task_queues:105:5)][0m
    [2m[at async sn (/home/code/inbox-bully/node_modules/tailwindcss/dist/lib.js:38:631)][0m
    [2m[at async Qr (/home/code/inbox-bully/node_modules/@tailwindcss/node/dist/index.js:10:3385)][0m
 ✓ Compiled in 796ms
 ✓ Compiled in 381ms
 ⨯ ./app/globals.css
Error evaluating Node.js code
CssSyntaxError: tailwindcss: /home/code/inbox-bully/app/globals.css:1:1: Cannot apply unknown utility class `border-border`. Are you using CSS modules or similar and missing `@reference`? https://tailwindcss.com/docs/functions-and-directives#reference-directive
    [at Input.error (turbopack:///[project]/node_modules/postcss/lib/input.js:135:16)]
    [at Root.error (turbopack:///[project]/node_modules/postcss/lib/node.js:146:32)]
    [at Object.Once (/home/code/inbox-bully/node_modules/@tailwindcss/postcss/dist/index.js:10:6912)]
    [at process.processTicksAndRejections (node:internal/process/task_queues:105:5)]
    [at async LazyResult.runAsync (turbopack:///[project]/node_modules/postcss/lib/lazy-result.js:293:11)]
    [at async transform (turbopack:///[turbopack-node]/transforms/postcss.ts:70:34)]
    [at async run (turbopack:///[turbopack-node]/ipc/evaluate.ts:92:23)]

Import trace:
  Client Component Browser:
    ./app/globals.css [Client Component Browser]
    ./app/layout.tsx [Server Component]



./app/page.tsx:149:47
Parsing ecmascript source code failed
[0m [90m 147 |[39m                   [33m<[39m[33mAlertTriangle[39m className[33m=[39m[32m"text-primary w-6 h-6"[39m [33m/[39m[33m>[39m
 [90m 148 |[39m                 [33m<[39m[33m/[39m[33mdiv[39m[33m>[39m
[31m[1m>[22m[39m[90m 149 |[39m                 [33m<[39m[33mCardTitleEmotional[39m [33mAwareness[39m[33m<[39m[33m/[39m[33mCardTitle[39m[33m>[39m
 [90m     |[39m                                               [31m[1m^[22m[39m[31m[1m^[22m[39m[31m[1m^[22m[39m[31m[1m^[22m[39m[31m[1m^[22m[39m[31m[1m^[22m[39m[31m[1m^[22m[39m[31m[1m^[22m[39m[31m[1m^[22m[39m[31m[1m^[22m[39m[31m[1m^[22m[39m
 [90m 150 |[39m               [33m<[39m[33m/[39m[33mCardHeader[39m[33m>[39m
 [90m 151 |[39m               [33m<[39m[33mCardContent[39m className[33m=[39m[32m"text-muted-foreground"[39m[33m>[39m
 [90m 152 |[39m                 [33mGentle[39m warnings [36mfor[39m hard[33m-[39mhitting content[33m.[39m [32m"This email mentions collections—do you want to see it now or later?"[39m [33mThoughtful[39m[33m,[39m not patronizing[33m.[39m[0m

Unterminated regexp literal


 ○ Compiling /_error ...
 ✓ Compiled /_error in 2.7s
 GET / 500 in 3133ms
 ⚠ Cross origin request detected from dry-moles-speak.lindy.site to /_next/* resource. In a future major version of Next.js, you will need to explicitly configure "allowedDevOrigins" in next.config to allow this.
Read more: https://nextjs.org/docs/app/api-reference/config/next-config-js/allowedDevOrigins
 GET /favicon.ico 500 in 140ms
 ⨯ ./app/globals.css
Error evaluating Node.js code
CssSyntaxError: tailwindcss: /home/code/inbox-bully/app/globals.css:1:1: Cannot apply unknown utility class `border-border`. Are you using CSS modules or similar and missing `@reference`? https://tailwindcss.com/docs/functions-and-directives#reference-directive
    [at Input.error (turbopack:///[project]/node_modules/postcss/lib/input.js:135:16)]
    [at Root.error (turbopack:///[project]/node_modules/postcss/lib/node.js:146:32)]
    [at Object.Once (/home/code/inbox-bully/node_modules/@tailwindcss/postcss/dist/index.js:10:6912)]
    [at process.processTicksAndRejections (node:internal/process/task_queues:105:5)]
    [at async LazyResult.runAsync (turbopack:///[project]/node_modules/postcss/lib/lazy-result.js:293:11)]
    [at async transform (turbopack:///[turbopack-node]/transforms/postcss.ts:70:34)]
    [at async run (turbopack:///[turbopack-node]/ipc/evaluate.ts:92:23)]

Import trace:
  Client Component Browser:
    ./app/globals.css [Client Component Browser]
    ./app/layout.tsx [Server Component]



./app/page.tsx:149:47
Parsing ecmascript source code failed
[0m [90m 147 |[39m                   [33m<[39m[33mAlertTriangle[39m className[33m=[39m[32m"text-primary w-6 h-6"[39m [33m/[39m[33m>[39m
 [90m 148 |[39m                 [33m<[39m[33m/[39m[33mdiv[39m[33m>[39m
[31m[1m>[22m[39m[90m 149 |[39m                 [33m<[39m[33mCardTitleEmotional[39m [33mAwareness[39m[33m<[39m[33m/[39m[33mCardTitle[39m[33m>[39m
 [90m     |[39m                                               [31m[1m^[22m[39m[31m[1m^[22m[39m[31m[1m^[22m[39m[31m[1m^[22m[39m[31m[1m^[22m[39m[31m[1m^[22m[39m[31m[1m^[22m[39m[31m[1m^[22m[39m[31m[1m^[22m[39m[31m[1m^[22m[39m[31m[1m^[22m[39m
 [90m 150 |[39m               [33m<[39m[33m/[39m[33mCardHeader[39m[33m>[39m
 [90m 151 |[39m               [33m<[39m[33mCardContent[39m className[33m=[39m[32m"text-muted-foreground"[39m[33m>[39m
 [90m 152 |[39m                 [33mGentle[39m warnings [36mfor[39m hard[33m-[39mhitting content[33m.[39m [32m"This email mentions collections—do you want to see it now or later?"[39m [33mThoughtful[39m[33m,[39m not patronizing[33m.[39m[0m

Unterminated regexp literal


 GET / 500 in 172ms
 ⨯ ./app/globals.css
Error evaluating Node.js code
CssSyntaxError: tailwindcss: /home/code/inbox-bully/app/globals.css:1:1: Cannot apply unknown utility class `border-border`. Are you using CSS modules or similar and missing `@reference`? https://tailwindcss.com/docs/functions-and-directives#reference-directive
    [at Input.error (turbopack:///[project]/node_modules/postcss/lib/input.js:135:16)]
    [at Root.error (turbopack:///[project]/node_modules/postcss/lib/node.js:146:32)]
    [at Object.Once (/home/code/inbox-bully/node_modules/@tailwindcss/postcss/dist/index.js:10:6912)]
    [at process.processTicksAndRejections (node:internal/process/task_queues:105:5)]
    [at async LazyResult.runAsync (turbopack:///[project]/node_modules/postcss/lib/lazy-result.js:293:11)]
    [at async transform (turbopack:///[turbopack-node]/transforms/postcss.ts:70:34)]
    [at async run (turbopack:///[turbopack-node]/ipc/evaluate.ts:92:23)]

Import trace:
  Client Component Browser:
    ./app/globals.css [Client Component Browser]
    ./app/layout.tsx [Server Component]



./app/page.tsx:149:47
Parsing ecmascript source code failed
[0m [90m 147 |[39m                   [33m<[39m[33mAlertTriangle[39m className[33m=[39m[32m"text-primary w-6 h-6"[39m [33m/[39m[33m>[39m
 [90m 148 |[39m                 [33m<[39m[33m/[39m[33mdiv[39m[33m>[39m
[31m[1m>[22m[39m[90m 149 |[39m                 [33m<[39m[33mCardTitleEmotional[39m [33mAwareness[39m[33m<[39m[33m/[39m[33mCardTitle[39m[33m>[39m
 [90m     |[39m                                               [31m[1m^[22m[39m[31m[1m^[22m[39m[31m[1m^[22m[39m[31m[1m^[22m[39m[31m[1m^[22m[39m[31m[1m^[22m[39m[31m[1m^[22m[39m[31m[1m^[22m[39m[31m[1m^[22m[39m[31m[1m^[22m[39m[31m[1m^[22m[39m
 [90m 150 |[39m               [33m<[39m[33m/[39m[33mCardHeader[39m[33m>[39m
 [90m 151 |[39m               [33m<[39m[33mCardContent[39m className[33m=[39m[32m"text-muted-foreground"[39m[33m>[39m
 [90m 152 |[39m                 [33mGentle[39m warnings [36mfor[39m hard[33m-[39mhitting content[33m.[39m [32m"This email mentions collections—do you want to see it now or later?"[39m [33mThoughtful[39m[33m,[39m not patronizing[33m.[39m[0m

Unterminated regexp literal


 GET / 500 in 109ms
 ⚠ Found a change in next.config.ts. Restarting the server to apply the changes...
   ▲ Next.js 15.5.6 (Turbopack)
   - Local:        http://localhost:3000
   - Network:      http://169.254.0.21:3000

 ✓ Starting...
 ✓ Ready in 1748ms
 ⚠ Cross origin request detected from dry-moles-speak.lindy.site to /_next/* resource. In a future major version of Next.js, you will need to explicitly configure "allowedDevOrigins" in next.config to allow this.
Read more: https://nextjs.org/docs/app/api-reference/config/next-config-js/allowedDevOrigins
 ○ Compiling / ...
Error: Cannot apply unknown utility class `border-border`. Are you using CSS modules or similar and missing `@reference`? https://tailwindcss.com/docs/functions-and-directives#reference-directive
    [2m[at onInvalidCandidate (/home/code/inbox-bully/node_modules/tailwindcss/dist/lib.js:21:1314)][0m
    [2m[at Te (/home/code/inbox-bully/node_modules/tailwindcss/dist/lib.js:16:36364)][0m
    [2m[at /home/code/inbox-bully/node_modules/tailwindcss/dist/lib.js:21:355][0m
    [2m[at Tr (/home/code/inbox-bully/node_modules/tailwindcss/dist/lib.js:3:1718)][0m
    [2m[at _ (/home/code/inbox-bully/node_modules/tailwindcss/dist/lib.js:3:1377)][0m
    [2m[at Se (/home/code/inbox-bully/node_modules/tailwindcss/dist/lib.js:21:172)][0m
    [2m[at ln (/home/code/inbox-bully/node_modules/tailwindcss/dist/lib.js:38:294)][0m
    [2m[at process.processTicksAndRejections (node:internal/process/task_queues:105:5)][0m
    [2m[at async sn (/home/code/inbox-bully/node_modules/tailwindcss/dist/lib.js:38:631)][0m
    [2m[at async Qr (/home/code/inbox-bully/node_modules/@tailwindcss/node/dist/index.js:10:3385)][0m
 ✓ Compiled / in 5.6s
 ⨯ ./app/globals.css
Error evaluating Node.js code
CssSyntaxError: tailwindcss: /home/code/inbox-bully/app/globals.css:1:1: Cannot apply unknown utility class `border-border`. Are you using CSS modules or similar and missing `@reference`? https://tailwindcss.com/docs/functions-and-directives#reference-directive
    [at Input.error (turbopack:///[project]/node_modules/postcss/lib/input.js:135:16)]
    [at Root.error (turbopack:///[project]/node_modules/postcss/lib/node.js:146:32)]
    [at Object.Once (/home/code/inbox-bully/node_modules/@tailwindcss/postcss/dist/index.js:10:6912)]
    [at process.processTicksAndRejections (node:internal/process/task_queues:105:5)]
    [at async LazyResult.runAsync (turbopack:///[project]/node_modules/postcss/lib/lazy-result.js:293:11)]
    [at async transform (turbopack:///[turbopack-node]/transforms/postcss.ts:70:34)]
    [at async run (turbopack:///[turbopack-node]/ipc/evaluate.ts:92:23)]

Import trace:
  Client Component Browser:
    ./app/globals.css [Client Component Browser]
    ./app/layout.tsx [Server Component]


 ⨯ ./app/globals.css
Error evaluating Node.js code
CssSyntaxError: tailwindcss: /home/code/inbox-bully/app/globals.css:1:1: Cannot apply unknown utility class `border-border`. Are you using CSS modules or similar and missing `@reference`? https://tailwindcss.com/docs/functions-and-directives#reference-directive
    [at Input.error (turbopack:///[project]/node_modules/postcss/lib/input.js:135:16)]
    [at Root.error (turbopack:///[project]/node_modules/postcss/lib/node.js:146:32)]
    [at Object.Once (/home/code/inbox-bully/node_modules/@tailwindcss/postcss/dist/index.js:10:6912)]
    [at process.processTicksAndRejections (node:internal/process/task_queues:105:5)]
    [at async LazyResult.runAsync (turbopack:///[project]/node_modules/postcss/lib/lazy-result.js:293:11)]
    [at async transform (turbopack:///[turbopack-node]/transforms/postcss.ts:70:34)]
    [at async run (turbopack:///[turbopack-node]/ipc/evaluate.ts:92:23)]

Import trace:
  Client Component Browser:
    ./app/globals.css [Client Component Browser]
    ./app/layout.tsx [Server Component]


 ○ Compiling /_error ...
 ✓ Compiled /_error in 2.6s
 GET / 500 in 5140ms
 GET / 500 in 8555ms
 ○ Compiling /favicon.ico ...
 ✓ Compiled /favicon.ico in 726ms
 GET /favicon.ico 500 in 758ms
 ⨯ ./app/globals.css
Error evaluating Node.js code
CssSyntaxError: tailwindcss: /home/code/inbox-bully/app/globals.css:1:1: Cannot apply unknown utility class `border-border`. Are you using CSS modules or similar and missing `@reference`? https://tailwindcss.com/docs/functions-and-directives#reference-directive
    [at Input.error (turbopack:///[project]/node_modules/postcss/lib/input.js:135:16)]
    [at Root.error (turbopack:///[project]/node_modules/postcss/lib/node.js:146:32)]
    [at Object.Once (/home/code/inbox-bully/node_modules/@tailwindcss/postcss/dist/index.js:10:6912)]
    [at process.processTicksAndRejections (node:internal/process/task_queues:105:5)]
    [at async LazyResult.runAsync (turbopack:///[project]/node_modules/postcss/lib/lazy-result.js:293:11)]
    [at async transform (turbopack:///[turbopack-node]/transforms/postcss.ts:70:34)]
    [at async run (turbopack:///[turbopack-node]/ipc/evaluate.ts:92:23)]

Import trace:
  Client Component Browser:
    ./app/globals.css [Client Component Browser]
    ./app/layout.tsx [Server Component]


 GET / 500 in 96ms
 GET /favicon.ico 500 in 64ms
 ⨯ ./app/globals.css
Error evaluating Node.js code
CssSyntaxError: tailwindcss: /home/code/inbox-bully/app/globals.css:1:1: Cannot apply unknown utility class `border-border`. Are you using CSS modules or similar and missing `@reference`? https://tailwindcss.com/docs/functions-and-directives#reference-directive
    [at Input.error (turbopack:///[project]/node_modules/postcss/lib/input.js:135:16)]
    [at Root.error (turbopack:///[project]/node_modules/postcss/lib/node.js:146:32)]
    [at Object.Once (/home/code/inbox-bully/node_modules/@tailwindcss/postcss/dist/index.js:10:6912)]
    [at process.processTicksAndRejections (node:internal/process/task_queues:105:5)]
    [at async LazyResult.runAsync (turbopack:///[project]/node_modules/postcss/lib/lazy-result.js:293:11)]
    [at async transform (turbopack:///[turbopack-node]/transforms/postcss.ts:70:34)]
    [at async run (turbopack:///[turbopack-node]/ipc/evaluate.ts:92:23)]

Import trace:
  Client Component Browser:
    ./app/globals.css [Client Component Browser]
    ./app/layout.tsx [Server Component]


 GET / 500 in 67ms
 GET /favicon.ico 500 in 53ms
 ⨯ ./app/globals.css
Error evaluating Node.js code
CssSyntaxError: tailwindcss: /home/code/inbox-bully/app/globals.css:1:1: Cannot apply unknown utility class `border-border`. Are you using CSS modules or similar and missing `@reference`? https://tailwindcss.com/docs/functions-and-directives#reference-directive
    [at Input.error (turbopack:///[project]/node_modules/postcss/lib/input.js:135:16)]
    [at Root.error (turbopack:///[project]/node_modules/postcss/lib/node.js:146:32)]
    [at Object.Once (/home/code/inbox-bully/node_modules/@tailwindcss/postcss/dist/index.js:10:6912)]
    [at process.processTicksAndRejections (node:internal/process/task_queues:105:5)]
    [at async LazyResult.runAsync (turbopack:///[project]/node_modules/postcss/lib/lazy-result.js:293:11)]
    [at async transform (turbopack:///[turbopack-node]/transforms/postcss.ts:70:34)]
    [at async run (turbopack:///[turbopack-node]/ipc/evaluate.ts:92:23)]

Import trace:
  Client Component Browser:
    ./app/globals.css [Client Component Browser]
    ./app/layout.tsx [Server Component]


 GET / 500 in 80ms
 GET /favicon.ico 500 in 38ms
 ⨯ ./app/globals.css
Error evaluating Node.js code
CssSyntaxError: tailwindcss: /home/code/inbox-bully/app/globals.css:1:1: Cannot apply unknown utility class `border-border`. Are you using CSS modules or similar and missing `@reference`? https://tailwindcss.com/docs/functions-and-directives#reference-directive
    [at Input.error (turbopack:///[project]/node_modules/postcss/lib/input.js:135:16)]
    [at Root.error (turbopack:///[project]/node_modules/postcss/lib/node.js:146:32)]
    [at Object.Once (/home/code/inbox-bully/node_modules/@tailwindcss/postcss/dist/index.js:10:6912)]
    [at process.processTicksAndRejections (node:internal/process/task_queues:105:5)]
    [at async LazyResult.runAsync (turbopack:///[project]/node_modules/postcss/lib/lazy-result.js:293:11)]
    [at async transform (turbopack:///[turbopack-node]/transforms/postcss.ts:70:34)]
    [at async run (turbopack:///[turbopack-node]/ipc/evaluate.ts:92:23)]

Import trace:
  Client Component Browser:
    ./app/globals.css [Client Component Browser]
    ./app/layout.tsx [Server Component]


 GET / 500 in 72ms
 GET /favicon.ico 500 in 35ms
Error: Cannot apply unknown utility class `bg-background`. Are you using CSS modules or similar and missing `@reference`? https://tailwindcss.com/docs/functions-and-directives#reference-directive
    [2m[at onInvalidCandidate (/home/code/inbox-bully/node_modules/tailwindcss/dist/lib.js:21:1314)][0m
    [2m[at Te (/home/code/inbox-bully/node_modules/tailwindcss/dist/lib.js:16:36364)][0m
    [2m[at /home/code/inbox-bully/node_modules/tailwindcss/dist/lib.js:21:355][0m
    [2m[at Tr (/home/code/inbox-bully/node_modules/tailwindcss/dist/lib.js:3:1718)][0m
    [2m[at _ (/home/code/inbox-bully/node_modules/tailwindcss/dist/lib.js:3:1377)][0m
    [2m[at Se (/home/code/inbox-bully/node_modules/tailwindcss/dist/lib.js:21:172)][0m
    [2m[at ln (/home/code/inbox-bully/node_modules/tailwindcss/dist/lib.js:38:294)][0m
    [2m[at process.processTicksAndRejections (node:internal/process/task_queues:105:5)][0m
    [2m[at async sn (/home/code/inbox-bully/node_modules/tailwindcss/dist/lib.js:38:631)][0m
    [2m[at async Qr (/home/code/inbox-bully/node_modules/@tailwindcss/node/dist/index.js:10:3385)][0m
 ⨯ ./app/globals.css
Error evaluating Node.js code
CssSyntaxError: tailwindcss: /home/code/inbox-bully/app/globals.css:1:1: Cannot apply unknown utility class `bg-background`. Are you using CSS modules or similar and missing `@reference`? https://tailwindcss.com/docs/functions-and-directives#reference-directive
    [at Input.error (turbopack:///[project]/node_modules/postcss/lib/input.js:135:16)]
    [at Root.error (turbopack:///[project]/node_modules/postcss/lib/node.js:146:32)]
    [at Object.Once (/home/code/inbox-bully/node_modules/@tailwindcss/postcss/dist/index.js:10:6912)]
    [at process.processTicksAndRejections (node:internal/process/task_queues:105:5)]
    [at async LazyResult.runAsync (turbopack:///[project]/node_modules/postcss/lib/lazy-result.js:293:11)]
    [at async transform (turbopack:///[turbopack-node]/transforms/postcss.ts:70:34)]
    [at async run (turbopack:///[turbopack-node]/ipc/evaluate.ts:92:23)]

Import trace:
  Client Component Browser:
    ./app/globals.css [Client Component Browser]
    ./app/layout.tsx [Server Component]


 GET / 500 in 63ms
 ⨯ ./app/globals.css
Error evaluating Node.js code
CssSyntaxError: tailwindcss: /home/code/inbox-bully/app/globals.css:1:1: Cannot apply unknown utility class `bg-background`. Are you using CSS modules or similar and missing `@reference`? https://tailwindcss.com/docs/functions-and-directives#reference-directive
    [at Input.error (turbopack:///[project]/node_modules/postcss/lib/input.js:135:16)]
    [at Root.error (turbopack:///[project]/node_modules/postcss/lib/node.js:146:32)]
    [at Object.Once (/home/code/inbox-bully/node_modules/@tailwindcss/postcss/dist/index.js:10:6912)]
    [at process.processTicksAndRejections (node:internal/process/task_queues:105:5)]
    [at async LazyResult.runAsync (turbopack:///[project]/node_modules/postcss/lib/lazy-result.js:293:11)]
    [at async transform (turbopack:///[turbopack-node]/transforms/postcss.ts:70:34)]
    [at async run (turbopack:///[turbopack-node]/ipc/evaluate.ts:92:23)]

Import trace:
  Client Component Browser:
    ./app/globals.css [Client Component Browser]
    ./app/layout.tsx [Server Component]


 GET / 500 in 65ms
 GET /favicon.ico 500 in 45ms
 ✓ Compiled in 622ms
 ✓ Compiled / in 19ms
 ⚠ metadataBase property in metadata export is not set for resolving social open graph or twitter images, using "http://localhost:3000". See https://nextjs.org/docs/app/api-reference/functions/generate-metadata#metadatabase
 GET / 200 in 889ms
 GET / 200 in 308ms
 GET / 200 in 231ms
 GET /favicon.ico?favicon.bf3c9292.ico 200 in 396ms
 ✓ Compiled in 171ms
 ⚠ metadataBase property in metadata export is not set for resolving social open graph or twitter images, using "http://localhost:3000". See https://nextjs.org/docs/app/api-reference/functions/generate-metadata#metadatabase
 GET / 200 in 453ms
 GET / 200 in 232ms
 GET / 200 in 275ms
 GET / 200 in 243ms
 GET /favicon.ico?favicon.bf3c9292.ico 200 in 301ms
 GET / 200 in 296ms
 GET / 200 in 238ms
 GET / 200 in 459ms
 ✓ Compiled in 995ms
 ⚠ metadataBase property in metadata export is not set for resolving social open graph or twitter images, using "http://localhost:3000". See https://nextjs.org/docs/app/api-reference/functions/generate-metadata#metadatabase
 GET / 200 in 795ms
